2018-04-17 19:52:13.148 DEBUG [main] org.apache.ibatis.logging.LogFactory.setImplementation():115 -Logging initialized using 'class org.apache.ibatis.logging.slf4j.Slf4jImpl' adapter.
2018-04-17 19:52:13.676 DEBUG [main] org.mybatis.spring.SqlSessionFactoryBean.buildSqlSessionFactory():358 -Property 'configLocation' not specified, using default MyBatis Configuration
2018-04-17 19:52:13.828 DEBUG [main] org.mybatis.spring.SqlSessionFactoryBean.buildSqlSessionFactory():468 -Parsed mapper file: 'file [E:\github\water_manage_system\target\classes\org\ssm\dufy\mapper\UserMapper.xml]'
2018-04-17 19:52:13.883 DEBUG [main] org.mybatis.spring.SqlSessionUtils.getSqlSession():106 -Creating a new SqlSession
2018-04-17 19:52:13.889 DEBUG [main] org.mybatis.spring.SqlSessionUtils.getSqlSession():142 -SqlSession [org.apache.ibatis.session.defaults.DefaultSqlSession@6f19ac19] was not registered for synchronization because synchronization is not active
2018-04-17 19:52:13.915 DEBUG [main] org.mybatis.spring.transaction.SpringManagedTransaction.openConnection():85 -JDBC Connection [com.alibaba.druid.proxy.jdbc.ConnectionProxyImpl@401f7633] will not be managed by Spring
2018-04-17 19:52:13.917 DEBUG [main] org.ssm.dufy.dao.IUserDao.selectByPrimaryKey.debug():132 -ooo Using Connection [com.alibaba.druid.proxy.jdbc.ConnectionProxyImpl@401f7633]
2018-04-17 19:52:13.922 DEBUG [main] org.ssm.dufy.dao.IUserDao.selectByPrimaryKey.debug():132 -==>  Preparing: select id, user_name, password, age from user_t where id = ? 
2018-04-17 19:52:14.005 DEBUG [main] org.ssm.dufy.dao.IUserDao.selectByPrimaryKey.debug():132 -==> Parameters: 1(Integer)
2018-04-17 19:52:14.026 DEBUG [main] org.mybatis.spring.SqlSessionUtils.closeSqlSession():170 -Closing non transactional SqlSession [org.apache.ibatis.session.defaults.DefaultSqlSession@6f19ac19]
2018-04-17 19:53:30.262 DEBUG [main] org.apache.ibatis.logging.LogFactory.setImplementation():115 -Logging initialized using 'class org.apache.ibatis.logging.slf4j.Slf4jImpl' adapter.
2018-04-17 19:53:30.774 DEBUG [main] org.mybatis.spring.SqlSessionFactoryBean.buildSqlSessionFactory():358 -Property 'configLocation' not specified, using default MyBatis Configuration
2018-04-17 19:53:30.933 DEBUG [main] org.mybatis.spring.SqlSessionFactoryBean.buildSqlSessionFactory():468 -Parsed mapper file: 'file [E:\github\water_manage_system\target\classes\org\ssm\dufy\mapper\UserMapper.xml]'
2018-04-17 19:54:21.873 DEBUG [main] org.apache.ibatis.logging.LogFactory.setImplementation():115 -Logging initialized using 'class org.apache.ibatis.logging.slf4j.Slf4jImpl' adapter.
2018-04-17 19:54:22.395 DEBUG [main] org.mybatis.spring.SqlSessionFactoryBean.buildSqlSessionFactory():358 -Property 'configLocation' not specified, using default MyBatis Configuration
2018-04-17 19:54:22.543 DEBUG [main] org.mybatis.spring.SqlSessionFactoryBean.buildSqlSessionFactory():468 -Parsed mapper file: 'file [E:\github\water_manage_system\target\classes\org\ssm\dufy\mapper\UserMapper.xml]'
2018-04-17 19:54:22.592 DEBUG [main] org.mybatis.spring.SqlSessionUtils.getSqlSession():106 -Creating a new SqlSession
2018-04-17 19:54:22.598 DEBUG [main] org.mybatis.spring.SqlSessionUtils.getSqlSession():142 -SqlSession [org.apache.ibatis.session.defaults.DefaultSqlSession@6f19ac19] was not registered for synchronization because synchronization is not active
2018-04-17 19:54:22.624 DEBUG [main] org.mybatis.spring.transaction.SpringManagedTransaction.openConnection():85 -JDBC Connection [com.alibaba.druid.proxy.jdbc.ConnectionProxyImpl@401f7633] will not be managed by Spring
2018-04-17 19:54:22.625 DEBUG [main] org.ssm.dufy.dao.IUserDao.selectByPrimaryKey.debug():132 -ooo Using Connection [com.alibaba.druid.proxy.jdbc.ConnectionProxyImpl@401f7633]
2018-04-17 19:54:22.630 DEBUG [main] org.ssm.dufy.dao.IUserDao.selectByPrimaryKey.debug():132 -==>  Preparing: select id, user_name, password, age from user_t where id = ? 
2018-04-17 19:54:22.710 DEBUG [main] org.ssm.dufy.dao.IUserDao.selectByPrimaryKey.debug():132 -==> Parameters: 1(Integer)
2018-04-17 19:54:22.729 DEBUG [main] org.mybatis.spring.SqlSessionUtils.closeSqlSession():170 -Closing non transactional SqlSession [org.apache.ibatis.session.defaults.DefaultSqlSession@6f19ac19]
